Proin magna. Morbi mattis ullamcorper velit. Proin faucibus arcu quis anteSection One2014-08-11 10:58:02 uere imperdiet, leo.Pr
2014-08-11 10:58:03 enim eleifend felis pretium feugiat. Curabitur ligula sapien, tincidunt non, euismod vitae, posuere imperdiet, leo.Proin magna. Morbi mattis ullamcorper velit. Proin faucibus arcu quis ante. Ut non enim eleifend felis pret
2014-08-11 10:58:03 orper velit. Proin faucibus arcu quis ante. Ut non enim eleifend felis pretium feugiat. Curabitur ligula sapien, tincidunt non, euismod vitae
2014-08-11 10:58:04 t. Proin faucibus arcu quis ante. Ut non enim eleifend felis pretium feugiat. Curabitur ligula sapien, tincidunt non, euismod vitae, posuere imperdiet, leo.Proin magna. Morbi mattis ullamc
2014-08-11 10:58:04 oin faucibus arcu quis ante. Ut non enim eleifend felis pretium feugiat. Curabitur ligula sapien, tincidunt non, euismod vitae, posuere imperdiet, leo.Proin magna. Morbi mattis ullamcorper velit. Proin faucibus arcu qui
2014-08-11 10:58:05 ummy metus. Duis arcu tortor, suscipit eget, imperdiet nec, imperdiet iaculis, ipsum. In auctor lobortis lacus. Fusce vulputate eleifend sapien. Suspendisse potenti.
2014-08-11 11:05:21 . In auctor lob
2014-08-11 11:05:57 quis ante. Ut non enim eleifend felis pretium feugiat. Curabitur ligula sapien, tincidunt non, euismod vitae, posuere imperdiet, leo.Proin magna. Morbi mattis ullamco
2014-08-11 11:11:18 cu quis ante. Ut non enim eleifend felis pretium feugiat. Curabitur ligula sapien, tincidunt non, euismod vitae, posuere imperdiet, leo.Proin magna. Morbi mattis ullam
2014-08-11 11:11:36 perdiet iaculis, ips
2014-08-11 11:11:37 perdiet iaculis, ips
2014-08-11 11:11:38 imperdiet iaculis, ipsum
2014-08-11 11:23:19 ullamcorper velit. Proin faucibus arcu quis
2014-08-11 13:36:25 lobortis 
2014-08-11 13:40:24 pretium 
2014-08-11 13:42:06 felis 
2014-08-11 13:46:49 pretium feugiat. Curabitur ligula
2014-08-11 13:47:45 enim eleifend
2014-08-11 13:48:55 pretium 
2014-08-11 13:50:01 pretium 
2014-08-11 13:50:13 Proin faucibus arcu quis ante. Ut non enim
2014-08-11 13:51:25 pretium 
2014-08-11 13:52:06 u quis ante. Ut non enim eleifend felis pretium feugiat. Curabitur ligula sapien, tincidunt non, euismod vitae, posuere imperdiet, leo.Proin magna. Morbi mattis ullamcorper velit. Proin faucibus arcu quis ante. Ut non enim eleifend felis pretium feugiat. Curabitur ligula sapien, tincidunt non, euismo
2014-08-11 13:52:09 cu quis an
2014-08-11 13:52:11 agna. Morbi matti
2014-08-11 13:52:12 gna. Morbi mattis ullamcorper velit. Proin faucibus arcu quis ante. Ut non enim eleifend felis pretium feugiat. Curabitur ligula sapien, tincidunt non, euismod vitae, posuere imperdiet, leo.Proin magna. Morbi mattis ullamcorper velit. Proin faucibus arcu quis ante. Ut non enim eleifend felis pretium feugiat. Curabitur ligula sapien, tincidunt non, euismod vitae, posuere imperdiet, leo.
          
            
            Typerwriter with keys.
          
        
        Proin magna. Morbi mattis ullamcorper velit. Proin faucibus arcu quis ante. Ut non enim eleifend felis pretium feugiat. Curabitur ligula sapien, tincidunt non, euismod vitae, posuere imperdiet, leo.Proin magna. Morbi mattis ullamcorper velit. Proin faucibus arcu quis ante. Ut non enim eleifend felis pretium feugiat. Curabitur ligula sapien, tincidunt non, euismod vitae, posuere imperdiet, leo.Proin magna. Morbi mattis ullamcorper velit. Proin faucibus arcu quis 
2014-08-11 13:52:49 Proin 
2014-08-11 13:53:00 vitae
2014-08-11 13:53:29 rper velit. Proin faucibus arcu quis ante. Ut non enim eleifend felis pretium feugiat. Curabitur ligula sapien, tincidunt non, euismod vitae, posuere imperdiet, leo.Proin magna. Morbi mattis ullamcorper velit. Proin faucibus arcu quis ante. Ut non enim eleifend felis pretium feugiat. Curabitur ligula sapien, tincidunt non, euismod vitae, posuere imperdiet, leo.Proin magna. Morbi mattis ullamcorper velit. Proin faucibus arcu quis ante. Ut non enim eleifend fe
2014-08-11 13:53:31 . Ut non enim eleifend felis pretium feugiat. Curabitur ligula sapien, tincidunt non, euismod vitae, posuere imperdiet, leo.Pr
2014-08-11 13:53:31 apien, tincidunt non, euismod vitae, posuere imperdiet, leo.Proin magna. Morbi mattis ullamcorper velit. 
2014-08-11 13:53:32  velit. Proin faucibus arcu quis ante. Ut non eni
2014-08-11 13:54:46 retium feugiat. Curabitur ligula sapien, tincidunt non, euismod vitae, posuere imperdiet, leo.Proin magna. Morbi mattis ullamcorper velit. Proin faucibus arcu quis ante. Ut non enim eleifend felis pretium feugiat. Curabitur l
2014-08-11 13:54:53 
2014-08-12 10:51:53 ucibus arcu qu
2014-08-12 10:52:20 t non enim eleifen
2014-08-12 10:53:01 In auctor lobortis lacus. Fusce vulputate eleifend sapien. Suspendisse potenti.
2014-08-12 11:13:27 on enim eleifend felis pre
2014-08-12 11:13:47 ortis lacus. Fusce vulpu
2014-08-12 11:27:34 roin magna. Morbi mattis ullamcorper velit. Proin faucibus arcu quis ante. Ut non enim eleifend felis pretium feugiat. Curabitur ligula sapien, tincidunt non, euismod vitae, posuere imperdiet, leo.Proin magna. Morbi mattis ullamcorper velit. Proin faucibus arcu quis ante. Ut no
2014-08-12 11:31:07 magna. Morbi mattis ullamcorper veli
2014-08-12 11:37:27 orbi mattis ullamcorper velit. Proin fa
2014-08-12 11:38:49 mattis ullamcorper velit. Proin fau
2014-08-12 11:39:04 ere imperdiet, leo.Proin magna. Morbi mattis ullamcorper velit. Proin faucibus arcu quis ante. Ut non enim eleifend felis pretium feugiat. Curabitur ligula sap
2014-08-12 11:39:29  arcu quis ante. Ut non enim eleifend felis pretium feugiat. Curabitur ligula sapien, tincidunt non, euism
2014-08-12 11:40:01 igula sapien, tincidunt non, euismod vitae, posuere imperdiet, leo.Proin magna. Morbi mattis ullamcorper velit. Proin faucibus arcu quis ante. Ut non enim eleifend felis pretium feugiat. Curabitur ligula sapien, tincidunt non, euismod vitae, posuere imperdiet, leo.Proin magna. Morbi mattis ullamcorper velit. Proin faucibus arcu quis ante. Ut non enim eleifend felis pr
2014-08-12 11:40:21 in magna. Morbi mattis ullamcorper velit. Proin faucibus arcu quis ante. Ut non enim eleifend felis pretium feu
2014-08-12 11:40:24 d vitae, posuere imperdiet, leo.Proin magna. Morbi mattis ullamcorper velit. Proin faucibus arcu quis ante. Ut non enim eleifend felis pretium feugiat. Curabitur ligula sapien, tincidunt non, euismod vitae, posuere imperdiet, leo.Proin magna. Morbi mattis ullamcorper velit. Proin faucibus arcu quis ante. Ut non enim eleifend felis p
2014-08-12 11:40:30 ante. Ut non enim eleifend felis pretium feugiat. Curabitur ligula sapien, tincidunt non, euismod vitae, posuere imperdiet, leo.Proin magna. Morbi mattis ullamcorper velit. Proin faucibus arcu quis ante. Ut non enim eleifend felis pretium feugiat. Curabitur ligula sapien, tincidunt non, euismod vitae, posuere imperdiet, leo.Proin magna. Morbi mattis ullamcorper velit. Proin faucibus arcu quis ante. Ut non enim eleifend f
2014-08-12 11:40:34 retium feugiat. Curabitur ligula sapien, tincidunt non, euismod vitae, posuere imperdiet, leo.Proin magna. Morbi mattis ullamcorper velit. Proin faucibus arcu quis ante. Ut non enim eleifend fel
2014-08-12 11:40:38 e. Ut non enim eleifend felis pretium feugiat. Curabitur ligula sapien, tincidunt non, euismod vitae, posuere imperdiet, leo.Proin magna. Morbi mattis ullamcorper velit. Proin faucibus arcu quis ante. Ut non enim eleifend felis pretium feugiat. Curabitur ligula sapien, tincidunt non, euismod vi
2014-08-12 13:04:59  posuere imperdiet, leo.Proin magna. Morbi mattis ullamcorper velit. Proin faucibus arcu quis ante. Ut non enim eleifend felis pretium feugiat. Curabitur ligula sapien, tincidunt non, euismod vitae, posuere imperdiet, leo.Proin magna. Morbi mattis ullamcorper velit. Proin faucibus arcu quis ante. Ut non enim eleifend felis pr
2014-08-12 13:05:32 retium feugiat. Curabitur ligula sapien, tincidunt non, euismod vitae, posuere imperdiet, leo.Proin magna. Morbi mattis ullamcorper velit. Proin faucibus arcu quis ante. Ut non enim eleifend felis pretium feugiat. Curabitur ligula sapien, tincidunt non, euismod vitae, posuere imperdiet, leo.Proin magna. Morbi mattis ullam
2014-08-12 13:06:09 posuere imperdiet, leo.Proin magna. Morbi mattis ullamcorper velit. Proin faucibus arcu quis ante. Ut non enim eleifend felis pretium feugiat. Curabitur ligula sapien, tincidunt non, euismod vitae, posuere imperdiet, leo.Proin magna. Morbi mattis ullamcorper velit. Proin faucibus arcu quis ant
2014-08-12 13:06:43 magna. Morbi mattis ullamcorper velit. Proin faucibus arcu quis ante. Ut non enim eleifend felis pretium feugiat. Curabitur ligula sapien, tincidunt non, euismod vitae, posuere imperdiet, leo.Proin magna. Morbi mattis ullamcorper velit. Proin faucibus arcu quis ante. Ut non enim eleifend felis pretium feugiat. Curabitur ligula sapien, tincidunt non, euismod vitae, posuere imperdiet, leo.
2014-08-12 13:07:42 retium feugiat. Curabitur ligula sapien, tincidunt non, euismod vitae, posuere imperdiet, leo.Proin magna. Morbi mattis ullamcorper velit. Proin faucibus arcu quis ante. Ut non enim eleifend felis pretium feugiat. Curabitur ligula sapien, tincidunt non, euismod vitae, posuere imperdiet, leo.P
2014-08-12 13:07:52  vitae, posuere imperdiet, leo.Proin magna. Morbi mattis ullamcorper velit. Proin faucibus arcu quis ante. Ut non enim eleifend felis pretium feugiat. Curabitur ligula sapien, tincidunt non, euismod vitae, posuere imperdiet, leo
2014-08-12 13:09:20 nte. Ut non enim eleifend felis pretium feugiat. Curabitur ligula sapien, tincidunt non, euismod vitae, posuere imperdiet, leo.Proin magna. Morbi mattis ullamcorper velit. Proin faucibus arcu quis ante. Ut non enim eleifend felis pretium feugiat. Curabitur ligula sapien, tincidunt non, euismod vitae, posuere imperdiet, leo.Proin magna. Morbi mattis ullamco
2014-08-12 13:09:28 t non enim eleifend felis pretium feugiat. Curabitur ligula sapien, tincidunt non, euismod vitae, posuere imperdiet, leo.Proin magna. Morbi mattis ullamcorper velit. Proin faucibus arcu quis ante. Ut non enim eleifend felis pretium feugiat. Curabitur ligula sapien, tincidunt non, euismod vitae, posuere imperdiet, leo.Proin magna. Morbi mattis ullamcorper velit. Proin faucibus arcu quis ante. Ut non enim eleifend felis pretium feugiat. Curabitur ligula sapien, tincidunt non, euismod vitae, posuere imperdiet, leo.
2014-08-12 13:09:55 t non enim eleifend felis pretium feugiat. Curabitur ligula sapien, tincidunt non, euismod vitae, posuere imperdiet, leo.Proin magna. Morbi mattis ullamcorper velit. Proin faucibus arcu quis ante. Ut non enim eleifend felis pretium feugiat. Curabitur ligula sapien, tincidunt non, euismod vitae, posuere imperdiet, leo.Proin magna. Morbi mattis ullamcorper v
2014-08-12 13:10:00 e. Ut non enim eleifend felis pretium feugiat. Curabitur ligula sapien, tincidunt non, euismod vitae, posuere imperdiet, leo.Proin magna. Morbi mattis ullamcorper velit. Proin faucibus arcu quis ante. Ut non enim eleifend felis pretium feugiat. Curabitur ligula 
2014-08-12 13:10:01 osuere imperdiet, leo.Proin magna. Morbi mattis ullamcorper velit. Proin faucibus arcu quis ante. Ut non enim eleifend felis pretium feugiat. Curabitur ligula sapien, tincidunt non, euismod vitae, 
2014-08-12 13:10:02 rbi mattis ullamcorper velit. Proin faucibus arcu quis ante. Ut non enim eleifend felis pretium feugiat. Curabitur ligula sapien, tincidunt non, euismod vitae, posuere imperdiet, leo.Proin magna. Morbi mattis ullamcorper velit. Proin faucibus arcu 
2014-08-12 13:10:02 ae, posuere imperdiet, leo.Proin magna. Morbi mattis ullamcorper velit. Proin faucibus arcu quis ante. Ut non enim eleifend felis pretium feugiat. Curabitur ligula s
2014-08-12 13:10:15 is pretium feugiat. Curabitur ligula sapien, tincidunt non, euismod vitae, posuere imperdiet, leo.Proin magna. Morbi mattis ullamcorper velit. Proin faucibus arcu quis ante. Ut non enim eleifend felis pretium feugiat. Curabitur ligula sapien, tincidunt non, euismod vitae, posuere imperdiet, leo.Pr
2014-08-12 13:10:16 is pretium feugiat. Curabitur ligula sapien, tincidunt non, euismod vitae, posuere imperdiet, leo.Proin magna. Morbi mattis ullamcorper velit. Proin faucibus arcu quis ante. Ut non enim eleifend felis pretium feugiat. Curabitur ligula sapien, tincidunt non, euismod vitae, posuere imperdiet, leo.Pr
2014-08-12 13:10:18 ×
2014-08-12 13:10:22 e. Ut non enim eleifend felis pretium feugiat. Curabitur ligula sapien, tincidunt non, euismod vitae, posuere imperdiet, leo.Proin magna. Morbi mattis ullamcorper velit. Proin faucibus arcu 
2014-08-12 13:10:26 ×
2014-08-12 13:10:27 eport a 
2014-08-12 13:10:28 Typo
2014-08-12 13:10:31 apien, tincidunt non, euismod vitae, posuere imperdiet, leo.Proin magna. Morbi mattis ullamcorper velit. Proin faucibus arcu quis ante. Ut non enim eleifend felis pretium feugiat. Curabitur ligula sapien, tincidunt non, euismod vitae, posuere imperdiet, leo.Proin magna. Morbi mattis ullamcorper velit. Proin faucibus arcu quis ante. Ut non enim eleifend felis pretium feugiat. Curabitur ligula sapien, tincidunt non, euismod vitae, posuere imperdiet, leo.
2014-08-12 13:10:35 e, posuere imperdiet, leo.Proin magna. Morbi mattis ullamcorper velit. Proin faucibus arcu quis ante. Ut non enim eleifend felis pretium feugiat. Curabitur ligula sapien, tincidunt non, euismod vitae, posuere imperdiet, leo.Proin magna. Morbi mattis ullamcorper velit. Proin faucibus arcu quis ante. Ut non enim eleifend felis p
2014-08-12 13:10:45 ula sapien, tincidunt non, euismod vitae, posuere imperdiet, leo.Proin magna. Morbi mattis ullamcorper velit. Proin faucibus arcu quis ante. Ut non enim eleifend felis pretium feugiat. Curabitur ligula sapien, tincidunt non, euismod vitae, posuere imperdiet, leo.Pr
2014-08-12 13:14:43 vitae, posuere imperdiet, leo.Proin magna. Morbi mattis ullamcorper velit. Proin faucibus arcu quis ante. Ut non enim eleifend felis pretium feugiat. Curabitur ligula sapien, tincidunt non, euismod vitae, posuere imperdiet, leo.Proin magna. Morbi mattis ullamcorper velit. Proin faucibus arcu quis ante. Ut non enim eleifend felis pretium feugiat. Curabitur ligula 
2014-08-12 13:14:46 
2014-08-12 13:14:48 te. Ut non enim eleifend felis pretium feugiat. Curabitur ligula sapien, tincidunt non, euismod vitae, posuere imperdiet, leo.Proin magna. Morbi mattis ullamcorper velit. Proin faucibus arcu quis ante. Ut non enim eleifend felis pretium feugiat. Curabitur ligula sapien, tincidunt non, euismod vitae, posuere imperdiet, leo.Proin magna. Morbi mattis ullamcorper velit. Proin faucibus arcu 
2014-08-12 13:15:05  velit. Proin faucibus arcu quis ante. Ut non enim eleifend felis pretium feugiat. Curabitur ligula sapien, tincidunt non, euismod vitae, posuere imperdiet, leo.Proin magna. Morbi mattis ullamcorper velit. Proin faucibus arcu quis ante. Ut non enim eleifend felis pretium feugiat. Curabitur ligula sapien, tincidunt non, euismod vitae, posuere imperdiet, leo.Proin magna. Morbi mattis ullamcorper velit. Proin faucibus arcu quis ante. Ut non enim eleifend fel
2014-08-12 13:15:10  velit. Proin faucibus arcu quis ante. Ut non enim eleifend felis pretium feugiat. Curabitur ligula sapien, tincidunt non, euismod vitae, posuere imperdiet, leo.Proin magna. Morbi mattis ullamcorper velit. Proin faucibus arcu quis ante. Ut non enim eleifend felis pretium feugiat. Curabitur ligula sapien, tincidunt non, euismod vitae, posuere imperdiet, leo.Proin magna. Morbi mattis ullamcorper velit. Proin faucibus arcu quis ante. Ut non enim eleifend fel
2014-08-12 13:15:16 
2014-08-12 13:15:18 agna. Morb
2014-08-12 13:16:25 etium feugiat. Curabitur ligula sapien, tincidunt non, euismod vitae, posuere imperdiet, leo.Proin magna. Morbi mattis ullamcorper velit. Proin faucibus arcu quis ante. Ut non enim eleifend felis pretium feugiat. Curabitur ligula sapien, tincidunt non, euismod vitae, posuere imperdiet, leo.Proin magna. Morbi mattis ullamcorper velit. Proin faucibus arcu qui
2014-08-12 13:17:26 
2014-08-12 13:18:59 pien, tincidunt non, euismod vitae, posuere imperdiet, leo.Proin magna. Morbi mattis ullamcorper velit. Proin faucibus arcu quis ante. Ut non enim eleifend felis pretium feugiat. Curabitur ligula sapien, tincidunt non, euismod vitae, posuere imperdiet, leo.Proi
2014-08-12 13:19:07 pretium feugiat. Curabitur ligula sapien, tincidunt non, euismod vitae, posuere imperdiet, leo.Proin magna. Morbi mattis ullamcorper velit. Proin faucibus arcu quis ante. Ut non enim eleifend felis pretium feugiat. Curabitur ligula sapien, tincidunt non, euismod vitae, posuere imperdiet, leo.Proin magna. Morbi mattis ullamcorper velit. Proin faucibus arcu quis ante. Ut non enim eleifend felis pre
2014-08-12 13:21:01 nte. Ut non enim eleifend felis pretium feugiat. Curabitur ligula sapien, tincidunt non, euismod vitae, posuere imperdiet, leo.Proin magna. Morbi mattis ullamcorper velit. Proin faucibus arcu quis ante. Ut non enim eleifend felis pretium feugiat. Curabitur ligula sapien, tincidunt non, euismod vitae, posuere imperdiet, leo.Pro
2014-08-12 13:21:58 felis pretium feugiat. Curabitur ligula sapien, tincidunt non, euismod vitae, posuere imperdiet, leo.Proin magna. Morbi mattis ullamcorper velit. Proin faucibus arcu quis ante. Ut non enim eleifend felis pretium feugiat. Curabitur ligula sapien, tincidunt non, euismod vitae, posuere imperdiet, leo.Proin magna. Morbi mattis ullamcorper velit. Proin faucibus arcu quis ante. Ut non enim eleifend felis pretium feugiat. Curabitur ligula s
2014-08-12 13:22:30 r velit. Proin faucibus arcu quis ante. Ut non enim eleifend felis pretium feugiat. Curabitur ligula sapien, tincidunt non, euismod vitae, posuere imperdiet, leo.Proin magna. Morbi mattis ullamcorper velit. Proin faucibus arcu quis ante. Ut non enim eleifend felis pretium feugiat. Curabitur ligula sapien, tincidunt non, euismod vitae, posuere imperdiet, leo.
        Proin magna. Morbi mattis
2014-08-12 13:23:03 gula sapien, tincidunt non, euismod vitae, posuere imperdiet, leo.Proin magna. Morbi mattis ullamcorper velit. Proin faucibus arcu quis ante. Ut non enim eleifend felis pretium feugiat. Curabitur ligula sapien, tincidunt non, euismod vitae, posuere imperdiet, leo.Proin magna. Morbi mattis ullamcorper velit. Proin faucibus
2014-08-12 13:24:52 Proin faucibus arcu quis ante. Ut non enim eleifend felis pretium feugiat. Curabitur ligula sapien, tincidunt non, euismod vitae, posuere imperdiet, leo.Proin magna. Morbi mattis ullamcorper velit. Proin faucibus arcu quis ante. Ut non enim eleifend felis pretium feugiat. Curabitur ligula sapien, tincidunt non, euismod vitae, posuere imperdiet, leo.Proin magna. Morbi mattis ullamcorper velit. Proin faucibus arcu quis ante. Ut non enim eleifend felis pretium feugiat. Curabitur ligula sapie
2014-08-12 13:29:03 non enim eleifend felis pretium feugiat. Curabitur ligula sapien, tincidunt non, euismod vitae, posuere imperdiet, leo.Proin magna. Morbi mattis ullamcorper velit. Proin faucibus arcu quis ante. Ut non enim eleifend felis pretium feugiat. Curabitur ligula sapien, tincidunt non, euismod vitae, posuere imperdiet, leo.Proin magna. Morbi mattis ullamcorper velit. Proin faucibus arcu quis ante. Ut non enim eleifend felis pretium feugiat. Curabitur ligula sapien, tincidunt non, euismod vitae, posuere imperdiet, leo.
2014-08-12 13:30:01  non enim eleifend felis pretium feugiat. Curabitur ligula sapien, tincidunt non, euismod vitae, posuere imperdiet, leo.Proin magna. Morbi mattis ullamcorper velit. Proin faucibus arcu quis ante. Ut non enim eleifend felis pretium feugiat. Curabitur ligula sapien, tincidunt non, euismod vitae, posuere imperdiet, leo.Proin magna. Morbi mattis ullamcorper velit. Proin faucibus arcu quis ante. Ut non enim eleifend felis pretium feugiat. Curabitur ligula sapi
2014-08-12 13:30:11 . Ut non enim eleifend felis pretium feugiat. Curabitur ligula sapien, tincidunt non, euismod vitae, posuere imperdiet, leo.Proin magna. Morbi mattis ullamcorper velit. Proin faucibus arcu quis ante. Ut non enim eleifend felis pretium feugiat. Curabitur ligula sapien, tincidunt non, euismod vitae, posuere imperdiet, leo.Proin magna. Morbi mattis ullamcorper velit. Proin faucibus arcu quis ante. Ut non enim eleifend felis pretium feugiat. Curabitur ligula sapien, tincidunt non, euismod vitae, posuere imperdiet, leo.
        Proin magna. Morbi
2014-08-12 13:33:04 sapien, tincidunt non, euismod vitae, posuere imperdiet, leo.Proin magna. Morbi mattis ullamcorper velit. Proin faucibus arcu quis ante. Ut non enim eleifend felis pretium feugiat. Curabitur ligula sapien, tincidunt non, euismod vitae, posuere imperdiet, leo.Proin magna. Morbi mattis ullamcorper
2014-08-12 13:33:28  ante. Ut non enim eleifend felis pretium feugiat. Curabitur ligula sapien, tincidunt non, euismod vitae, posuere imperdiet, leo.Proin magna. Morbi mattis ullamcorper velit. Proin faucibus arcu quis ante. Ut non enim eleifend felis pretium feugiat. Curabitur ligula sapien, tincidunt non, euismod vitae, posuere imperdiet, leo.Proin magna. Morbi mattis ullamcorper velit. Proin faucibus arcu quis ante. Ut non enim eleifend felis pretium feugiat. Curabitur ligula sapien, tincidunt non, euismod vitae, p
2014-08-12 13:33:41 Proin magna.
2014-08-12 13:35:24 giat. Curabitur ligula sapien, tincidunt non, euismod vitae, posuere imperdiet, leo.Proin magna. Morbi mattis ullamcorper velit. Proin faucibus arcu quis ante. Ut non enim eleifend felis pretium feugiat. Curabitur ligula sapien, tincidunt non, euismod vitae, posuere imperdiet, leo.Proin magna. Morbi mattis ullamcorper velit. Proin faucibus arcu quis ante. Ut non enim eleifend felis pretium feugiat. Curabitur ligula sapien, tincidunt non, euismod vitae, pos
2014-08-12 13:35:51 mcorper velit. Proin faucibus arcu quis ante. Ut non enim eleifend felis pretium feugiat. Curabitur ligula sapien, tincidunt non, euismod vitae, posuere imperdiet, leo.Proin magna. Morbi mattis ullamcorper velit. Proin faucibus arcu quis ante. Ut non enim eleifend felis pretium feugiat. Curabitur ligula sapien, tincidunt non, euismod vitae, posuere imperdiet, leo.Proin magna. Morbi mattis ullamcorper velit. Proin faucibus arcu quis ante. Ut non enim eleifend f
2014-08-13 09:24:10 Curabitur ligula sapien, tincidunt non, euismod vitae, posuere imperdiet, leo.Proin magna. Morbi mattis ullamcorper velit. Proin faucibus arcu quis ante. Ut non enim eleifend felis pretium feugiat. Curabitur ligula sapien, tincidunt non, euismod vitae, posuere imperdiet, leo.
        Proin magna. Morbi mattis ullamcorper velit. Proin faucibus arcu quis ante. Ut non enim eleifend felis pretium feugiat. Curabitur ligula sapien, tincidunt non, euismod vitae, posuere imperdiet, leo.Proin magna. Morbi mattis ullamcorper velit. Proin faucibus arcu quis ante. Ut non enim eleifend felis pretium feugiat. Curabitur ligula sapien, tincidunt non, euismod vitae, posuere imperdiet, leo.Proin magna. Morbi mattis ullamcorper velit. Proin faucibus arcu quis ante. Ut non enim eleifend felis pretium feugiat. Curabitur ligula sapien, tincidunt non, euismod vitae, posuere imperdiet, leo.
      
      
      
        Section Two
2014-08-13 09:28:58 osuere imperdiet, leo.Proin magna. Morbi mattis ullamcorper velit. Proin faucibus arcu quis ante. Ut non enim eleifend felis pretium feugiat. Curabitur ligula sapien, tincidunt non, euismod vitae, posuere imperdiet, leo.Proin magna. Morbi mattis ullamcorper velit. Proin faucibus arcu quis ante. Ut non enim eleifend felis p
2014-08-13 09:35:21 , tincidunt non, euismod vitae, posuere imperdiet, leo.Proin m
2014-08-13 09:37:52 apien, tincidunt non, euismod vitae, posuere imperdiet, leo.Proin magna. Morbi mattis ullamcorper velit. Proin faucibus arcu quis ante. Ut non enim eleifend felis pretium feugiat. Curabitur ligula sapien, tincidunt non, euismod vitae, posuere imperdiet, leo.Proin magna. Morbi mattis ullamcorper velit. Proin faucibus arcu quis ante. Ut non enim eleifend felis pretium feugiat. Curabitur ligula sapien, tincidunt non, euismod vitae, posuere imperdiet, leo.
        Proin magna. Morbi mattis ullamcorper velit. Proin faucibus arcu quis ante. Ut non enim eleifend felis pretium feugiat. Curabitur ligula sapien, tincidunt non, euismod vitae
2014-08-13 09:38:11 
      Crowd-sourced Corrections
    
    
      
        Section One
        Nunc nonummy metus. Duis arcu tortor, suscipit eget, imperdiet nec, imperdiet iaculis, ipsum. In auctor lobortis lacus. Fusce vulputate eleifend sapien. Suspendisse potenti.
        Proin magna. Morbi mattis ullamcorper velit. Proin faucibus arcu quis ante. Ut non enim eleifend felis pretium feugiat. Curabitur ligula sapien, tincidunt non, euismod vitae, posuere imperdiet, leo.Proin magna. Morbi mattis ullamcorper velit. Proin faucibus arcu quis ante. Ut non enim eleifend felis pretium feugiat. Curabitur ligula sapien, tincidunt non, euismod vitae, posuere imperdiet, leo.
          
            
            Typerwriter with keys.
          
        
        Proin magna. Morbi mattis ullamcorper velit. Proin faucibus arcu quis ante. Ut non enim eleifend felis pretium feugiat. Curabitur ligula sapien, tincidunt non, euismod vitae, posuere imperdiet, leo.Proin magna. Morbi mattis ullamcorper velit. Proin faucibus arcu quis ante. Ut non enim eleifend felis pretium feugiat. Curabitur ligula sapien, tincidunt non, euismod vitae, posuere imperdiet, leo.Proin magna. Morbi mattis ullamcorper velit. Proin faucibus arcu quis ante. Ut non enim eleifend felis pretium feugiat. Curabitur ligula sapien, tincidunt non, euismod vitae, posuere imperdiet, leo.
        Proin magna. Morbi mattis ullamcorper velit. Proin faucibus arcu quis ante. Ut non enim eleifend felis pretium feugiat. Curabitur ligula sapien, tincidunt non, euismod vitae, posuere imperdiet, leo.Proin magna. Morbi mattis ullamcorper velit. Proin faucibus arcu quis ante. Ut non enim eleifend felis pretium feugiat. Curabitur ligula sapien, tincidunt non, euismod vitae, posuere imperdiet, leo.Proin magna. Morbi mattis ullamcorper velit. Proin faucibus arcu quis ante. Ut non enim eleifend felis pretium feugiat. Curabitur ligula sapien, tincidunt non, euismod vitae, posuere imperdiet, leo.
        Proin magna. Morbi mattis ullamcorper velit. Proin faucibus arcu quis ante. Ut non enim eleifend felis pretium feugiat. Curabitur ligula sapien, tincidunt non, euismod vitae, posuere imperdiet, leo.Proin magna. Morbi mattis ullamcorper velit. Proin faucibus arcu quis ante. Ut non enim eleifend felis pretium feugiat. Curabitur ligula sapien, tincidunt non, euismod vitae, posuere imperdiet, leo.Proin magna. Morbi mattis ullamcorper velit. Proin faucibus arcu quis ante. Ut non enim eleifend felis pretium feugiat. Curabitur ligula sapien, tincidunt non, euismod vitae, posuere imperdiet, leo.
      
      
      
        Section Two
        Proin magna. Morbi mattis ullamcorper velit. Proin faucibus arcu quis ante. Ut non enim eleifend felis pretium feugiat. Curabitur ligula sapien, tincidunt non, euismod vitae, posuere imperdiet, leo.
        Proin magna. Morbi mattis ullamcorper velit. Proin faucibus arcu quis ante. Ut non enim eleifend felis pretium feugiat. Curabitur ligula sapien, tincidunt non, euismod vitae, posuere imperdiet, leo.Proin magna. Morbi mattis ullamcorper velit. Proin faucibus arcu quis ante. Ut non enim eleifend felis pretium feugiat. Curabitur ligula sapien, tincidunt non, euismod vitae, posuere imperdiet, leo.Proin magna. Morbi mattis ullamcorper velit. Proin faucibus arcu quis ante. Ut non enim eleifend felis pretium feugiat. Curabitur ligula sapien, tincidunt non, euismod vitae, posuere imperdiet, leo.
        Proin magna. Morbi mattis ullamcorper velit. Proin faucibus arcu quis ante. Ut non enim eleifend felis pretium feugiat. Curabitur ligula sapien, tincidunt non, euismod vitae, posuere imperdiet, leo.Proin magna. Morbi mattis ullamcorper velit. Proin faucibus arcu quis ante. Ut non enim eleifend felis pretium feugiat. Curabitur ligula sapien, tincidunt non, euismod vitae, posuere imperdiet, leo.Proin magna. Morbi mattis ullamcorper velit. Proin faucibus arcu quis ante. Ut non enim eleifend felis pretium feugiat. Curabitur ligula sapien, tincidunt non, euismod vitae, posuere imperdiet, leo.
      
    
      
    

  

Tpyo
2014-08-13 09:38:12 
      Crowd-sourced Corrections
    
    
      
        Section One
        Nunc nonummy metus. Duis arcu tortor, suscipit eget, imperdiet nec, imperdiet iaculis, ipsum. In auctor lobortis lacus. Fusce vulputate eleifend sapien. Suspendisse potenti.
        Proin magna. Morbi mattis ullamcorper velit. Proin faucibus arcu quis ante. Ut non enim eleifend felis pretium feugiat. Curabitur ligula sapien, tincidunt non, euismod vitae, posuere imperdiet, leo.Proin magna. Morbi mattis ullamcorper velit. Proin faucibus arcu quis ante. Ut non enim eleifend felis pretium feugiat. Curabitur ligula sapien, tincidunt non, euismod vitae, posuere imperdiet, leo.
          
            
            Typerwriter with keys.
          
        
        Proin magna. Morbi mattis ullamcorper velit. Proin faucibus arcu quis ante. Ut non enim eleifend felis pretium feugiat. Curabitur ligula sapien, tincidunt non, euismod vitae, posuere imperdiet, leo.Proin magna. Morbi mattis ullamcorper velit. Proin faucibus arcu quis ante. Ut non enim eleifend felis pretium feugiat. Curabitur ligula sapien, tincidunt non, euismod vitae, posuere imperdiet, leo.Proin magna. Morbi mattis ullamcorper velit. Proin faucibus arcu quis ante. Ut non enim eleifend felis pretium feugiat. Curabitur ligula sapien, tincidunt non, euismod vitae, posuere imperdiet, leo.
        Proin magna. Morbi mattis ullamcorper velit. Proin faucibus arcu quis ante. Ut non enim eleifend felis pretium feugiat. Curabitur ligula sapien, tincidunt non, euismod vitae, posuere imperdiet, leo.Proin magna. Morbi mattis ullamcorper velit. Proin faucibus arcu quis ante. Ut non enim eleifend felis pretium feugiat. Curabitur ligula sapien, tincidunt non, euismod vitae, posuere imperdiet, leo.Proin magna. Morbi mattis ullamcorper velit. Proin faucibus arcu quis ante. Ut non enim eleifend felis pretium feugiat. Curabitur ligula sapien, tincidunt non, euismod vitae, posuere imperdiet, leo.
        Proin magna. Morbi mattis ullamcorper velit. Proin faucibus arcu quis ante. Ut non enim eleifend felis pretium feugiat. Curabitur ligula sapien, tincidunt non, euismod vitae, posuere imperdiet, leo.Proin magna. Morbi mattis ullamcorper velit. Proin faucibus arcu quis ante. Ut non enim eleifend felis pretium feugiat. Curabitur ligula sapien, tincidunt non, euismod vitae, posuere imperdiet, leo.Proin magna. Morbi mattis ullamcorper velit. Proin faucibus arcu quis ante. Ut non enim eleifend felis pretium feugiat. Curabitur ligula sapien, tincidunt non, euismod vitae, posuere imperdiet, leo.
      
      
      
        Section Two
        Proin magna. Morbi mattis ullamcorper velit. Proin faucibus arcu quis ante. Ut non enim eleifend felis pretium feugiat. Curabitur ligula sapien, tincidunt non, euismod vitae, posuere imperdiet, leo.
        Proin magna. Morbi mattis ullamcorper velit. Proin faucibus arcu quis ante. Ut non enim eleifend felis pretium feugiat. Curabitur ligula sapien, tincidunt non, euismod vitae, posuere imperdiet, leo.Proin magna. Morbi mattis ullamcorper velit. Proin faucibus arcu quis ante. Ut non enim eleifend felis pretium feugiat. Curabitur ligula sapien, tincidunt non, euismod vitae, posuere imperdiet, leo.Proin magna. Morbi mattis ullamcorper velit. Proin faucibus arcu quis ante. Ut non enim eleifend felis pretium feugiat. Curabitur ligula sapien, tincidunt non, euismod vitae, posuere imperdiet, leo.
        Proin magna. Morbi mattis ullamcorper velit. Proin faucibus arcu quis ante. Ut non enim eleifend felis pretium feugiat. Curabitur ligula sapien, tincidunt non, euismod vitae, posuere imperdiet, leo.Proin magna. Morbi mattis ullamcorper velit. Proin faucibus arcu quis ante. Ut non enim eleifend felis pretium feugiat. Curabitur ligula sapien, tincidunt non, euismod vitae, posuere imperdiet, leo.Proin magna. Morbi mattis ullamcorper velit. Proin faucibus arcu quis ante. Ut non enim eleifend felis pretium feugiat. Curabitur ligula sapien, tincidunt non, euismod vitae, posuere imperdiet, leo.
      
    
      
    

  

Tpyo
2014-08-13 09:38:15 owdsourced 
2014-08-13 09:38:18 rced corr
2014-08-13 09:47:21 Animal
              Animal
              Live Together?
            
          
          
            
              Cats
              Cats
              Yes
            
            
              Dogs
              Dogs
              Yes
            
            
              Dogs
              Cats
              No
            
            
              Dogs
              Fish
              Yes
            
            
              Cats
              Fish
              No
2014-08-13 09:51:39 
2014-08-13 09:52:03 
2014-08-13 09:53:55 
2014-08-13 10:26:00 Report a typo
2014-08-13 10:26:01 Report a typo
2014-08-13 10:26:04 
2014-08-13 10:26:51 
2014-08-13 10:27:09 t. Proin faucibus arcu quis ante. Ut non enim eleifend felis pretium feugiat. Curabitur ligula sapien, tincidunt non, euismod vitae, posuere imperdiet, leo.Proin magna. Morbi mattis ullamcorper velit. Proin faucibus arcu quis ante. Ut non enim eleifend felis pretium feugiat. Curabitur ligula sapien, tincidunt non, euismod vitae, posuere imperdiet, leo.Proin magna. Morbi mattis ullamcorper velit. Proin faucibus arcu quis ante. Ut non enim eleifend felis pretium feugiat. Cu
2014-08-13 10:27:29 Proin faucibus
2014-08-13 10:29:13 Crowd-sourced Corrections
,Message about the header2014-08-13 10:29:54 Ut non enim eleifend felis pretium feugiat. Curabitur ligula sapien, tincidunt non, euismod vitae, posuere imperdiet, leo.Proin magna. Morbi mattis ullamcorper velit. Proin faucibus arcu quis ante. Ut non enim eleife
,12342014-08-13 10:29:55 Ut non enim eleifend felis pretium feugiat. Curabitur ligula sapien, tincidunt non, euismod vitae, posuere imperdiet, leo.Proin magna. Morbi mattis ullamcorper velit. Proin faucibus arcu quis ante. Ut non enim eleife
,12342014-08-13 10:30:05 Ut non enim eleifend felis pretium feugiat. Curabitur ligula sapien, tincidunt non, euismod vitae, posuere imperdiet, leo.Proin magna. Morbi mattis ullamcorper velit. Proin faucibus arcu quis ante. Ut non enim eleife
,12342014-08-13 10:30:08 Ut non enim eleifend felis pretium feugiat. Curabitur ligula sapien, tincidunt non, euismod vitae, posuere imperdiet, leo.Proin magna. Morbi mattis ullamcorper velit. Proin faucibus arcu quis ante. Ut non enim eleife
,12342014-08-13 10:32:26 r ligula sapien, tincidunt non, euismod vitae, posuere imperdiet, leo.Proin magna. Morbi mattis ullamcorper velit. Proin faucibus arcu quis ante. Ut non enim eleifend felis pretium feugiat. Curabitur ligula sapien, tincidunt non, euismod vitae, posuere imperdiet, leo.Proin magna. Morbi mattis ullamcorper velit. Proin fauci
,2014-08-13 10:32:45 r ligula sapien, tincidunt non, euismod vitae, posuere imperdiet, leo.Proin magna. Morbi mattis ullamcorper velit. Proin faucibus arcu quis ante. Ut non enim eleifend felis pretium feugiat. Curabitur ligula sapien, tincidunt non, euismod vitae, posuere imperdiet, leo.Proin magna. Morbi mattis ullamcorper velit. Proin fauci
,2014-08-13 10:33:38  felis pretium feugiat. Curabitur ligula sapien, tincidunt non, euismod vitae, posuere imperdiet, leo.Proin magna. Morbi mattis ullamcorper velit. Proin faucibus arcu quis ante. Ut non enim eleifend felis pretium feugiat. Curabitur ligula sapien, tincidunt non, euismod vitae, posuere imperdiet, leo.Proin magna. Morbi mattis ullamcorper velit. Proin faucibus arcu quis ante. Ut non enim eleifend felis pretium feugiat. Curabitur ligula sapien, tincidunt non, euismod vitae, posuere imperdiet, leo.
        Proin magna
,1243qwer2014-08-13 10:33:54 Proin magna
,should still have proin2014-08-16 07:18:32  bad. Mistakes in instructions frustrate your users. Because my favourite beef bourgignon recipe calls for 12kg of potatoes and that's ,
2014-08-16 07:18:56 bottom of the screen askin,
2014-08-16 07:30:28 creen asking if they,
2014-08-16 07:31:05 As you may have guessed,Gassed!
2014-08-16 07:37:03 per velit. Proin faucibus arcu quis ante. Ut non enim eleifend felis pretium feugiat. Curabitur ligula sapien, tincidunt non, euism,123123
